Arguments: 
  /usr/local/bin/node /usr/local/bin/yarn global dir --json

PATH: 
  /usr/local/opt/openjdk/bin:/usr/local/opt/sqlite/bin:/Users/grzegorzkisel/Library/Preferences/netlify/helper/bin:/usr/local/sbin:/usr/local/bin:/usr/bin:/bin:/usr/sbin:/sbin:/usr/bin/env:/Users/GrzegorzKiselev/Documents/python/tinder-swipe-bot-master/venv/lib/python3.8/site-packages/selenium/webdriver:/Users/GrzegorzKiselev/Downloads/chromedriver:/usr/local/munki:/opt/X11/bin:/Library/Apple/usr/bin:/Library/Frameworks/Mono.framework/Versions/Current/Commands:/Users/grzegorzkisel/Library/Python/3.11/bin:/Users/grzegorzkisel/.local/bin

Yarn version: 
  1.22.19

Node version: 
  18.14.0

Platform: 
  darwin x64

Trace: 
  SyntaxError: /Users/grzegorzkisel/Documents/Github/grzegorz-links/package.json: Unexpected token / in JSON at position 0
      at JSON.parse (<anonymous>)
      at /usr/local/lib/node_modules/yarn/lib/cli.js:1629:59
      at Generator.next (<anonymous>)
      at step (/usr/local/lib/node_modules/yarn/lib/cli.js:310:30)
      at /usr/local/lib/node_modules/yarn/lib/cli.js:321:13

npm manifest: 
  // "build": "webpack --config ./bundler/webpack.prod.js",
  // "dev": "webpack serve --config ./bundler/webpack.dev.js",
  // "deploy": "rm -rf dist && npm run build && git add . && git commit && git push && git subtree push --prefix dist origin gh-pages"
  {
    "scripts": {
      "dev": "vite dev"
    },
    "devDependencies": {
      "canvas-sketch": "^0.7.5",
      "canvas-sketch-util": "^1.10.0",
      "esbuild": "^0.19.5",
      "eslint-config-airbnb-base": "^15.0.0",
      "eslint-plugin-import": "^2.29.0",
      "glsl-noise": "^0.0.0",
      "glslify": "^7.1.1",
      "html-compressor": "^1.0.1",
      "html-minify": "^0.3.2",
      "nice-color-palettes": "^2.0.0",
      "posthtml": "^0.16.6",
      "stylelint": "^15.11.0",
      "stylelint-order": "^6.0.3",
      "three": "^0.158.0",
      "vite": "^4.5.0",
      "webgl-noise": "^0.0.1",
      "webpack": "^5.89.0",
      "webpack-cli": "^5.1.4",
      "webpack-dev-server": "^4.15.1"
    },
    "dependencies": {
      "gsap": "^3.12.2"
    }
  }

yarn manifest: 
  No manifest

Lockfile: 
  No lockfile
